# JRE version: Java(TM) SE Runtime Environment (8.0_45-b14) (build 1.8.0_45-b14)
# Java VM: Java HotSpot(TM) 64-Bit Server VM (25.45-b02 mixed mode windows-amd64 compressed oops)
Heap:
 PSYoungGen      total 305664K, used 284188K [0x00000000e0000000, 0x00000000f5500000, 0x0000000100000000)
  eden space 262144K, 93% used [0x00000000e0000000,0x00000000eee93e50,0x00000000f0000000)
  from space 43520K, 91% used [0x00000000f2a80000,0x00000000f5173290,0x00000000f5500000)
  to   space 43520K, 0% used [0x00000000f0000000,0x00000000f0000000,0x00000000f2a80000)
 ParOldGen       total 699392K, used 32K [0x00000000a0000000, 0x00000000cab00000, 0x00000000e0000000)
  object space 699392K, 0% used [0x00000000a0000000,0x00000000a0008000,0x00000000cab00000)
 Metaspace       used 14668K, capacity 14924K, committed 15232K, reserved 1062912K
  class space    used 1746K, capacity 1813K, committed 1920K, reserved 1048576K
GC Heap History (4 events):
Event: 15.098 GC heap before
{Heap before GC invocations=1 (full 0):
 PSYoungGen      total 305664K, used 262144K [0x00000000e0000000, 0x00000000f5500000, 0x0000000100000000)
  eden space 262144K, 100% used [0x00000000e0000000,0x00000000f0000000,0x00000000f0000000)
  from space 43520K, 0% used [0x00000000f2a80000,0x00000000f2a80000,0x00000000f5500000)
  to   space 43520K, 0% used [0x00000000f0000000,0x00000000f0000000,0x00000000f2a80000)
 ParOldGen       total 699392K, used 0K [0x00000000a0000000, 0x00000000cab00000, 0x00000000e0000000)
  object space 699392K, 0% used [0x00000000a0000000,0x00000000a0000000,0x00000000cab00000)
 Metaspace       used 14334K, capacity 14540K, committed 14720K, reserved 1062912K
  class space    used 1740K, capacity 1813K, committed 1920K, reserved 1048576K
Event: 15.138 GC heap after
Heap after GC invocations=1 (full 0):
 PSYoungGen      total 305664K, used 15724K [0x00000000e0000000, 0x00000000f5500000, 0x0000000100000000)
  eden space 262144K, 0% used [0x00000000e0000000,0x00000000e0000000,0x00000000f0000000)
  from space 43520K, 36% used [0x00000000f0000000,0x00000000f0f5b168,0x00000000f2a80000)
  to   space 43520K, 0% used [0x00000000f2a80000,0x00000000f2a80000,0x00000000f5500000)
 ParOldGen       total 699392K, used 24K [0x00000000a0000000, 0x00000000cab00000, 0x00000000e0000000)
  object space 699392K, 0% used [0x00000000a0000000,0x00000000a0006000,0x00000000cab00000)
 Metaspace       used 14334K, capacity 14540K, committed 14720K, reserved 1062912K
  class space    used 1740K, capacity 1813K, committed 1920K, reserved 1048576K
}
Event: 24.527 GC heap before
{Heap before GC invocations=2 (full 0):
 PSYoungGen      total 305664K, used 277868K [0x00000000e0000000, 0x00000000f5500000, 0x0000000100000000)
  eden space 262144K, 100% used [0x00000000e0000000,0x00000000f0000000,0x00000000f0000000)
  from space 43520K, 36% used [0x00000000f0000000,0x00000000f0f5b168,0x00000000f2a80000)
  to   space 43520K, 0% used [0x00000000f2a80000,0x00000000f2a80000,0x00000000f5500000)
 ParOldGen       total 699392K, used 24K [0x00000000a0000000, 0x00000000cab00000, 0x00000000e0000000)
  object space 699392K, 0% used [0x00000000a0000000,0x00000000a0006000,0x00000000cab00000)
 Metaspace       used 14604K, capacity 14860K, committed 15232K, reserved 1062912K
  class space    used 1745K, capacity 1813K, committed 1920K, reserved 1048576K
Event: 24.584 GC heap after
Heap after GC invocations=2 (full 0):
 PSYoungGen      total 305664K, used 39884K [0x00000000e0000000, 0x00000000f5500000, 0x0000000100000000)
  eden space 262144K, 0% used [0x00000000e0000000,0x00000000e0000000,0x00000000f0000000)
  from space 43520K, 91% used [0x00000000f2a80000,0x00000000f5173290,0x00000000f5500000)
  to   space 43520K, 0% used [0x00000000f0000000,0x00000000f0000000,0x00000000f2a80000)
 ParOldGen       total 699392K, used 32K [0x00000000a0000000, 0x00000000cab00000, 0x00000000e0000000)
  object space 699392K, 0% used [0x00000000a0000000,0x00000000a0008000,0x00000000cab00000)
 Metaspace       used 14604K, capacity 14860K, committed 15232K, reserved 1062912K
  class space    used 1745K, capacity 1813K, committed 1920K, reserved 1048576K
}

